2018-11-27 16:55:25,894 - WARNING - File: acp-15-3125-2015, DOI: 10.5194/acp-15-3125-2015 has no ctxID matching.
2018-11-27 16:55:25,913 - WARNING - File: acp-15-3359-2015, DOI: 10.5194/acp-15-3359-2015 has no ctxID matching.
2018-11-27 16:55:25,933 - WARNING - File: acp-15-4077-2015, DOI: 10.5194/acp-15-4077-2015 has no ctxID matching.
2018-11-27 16:55:25,950 - WARNING - File: acp-15-4399-2015, DOI: 10.5194/acp-15-4399-2015 has no ctxID matching.
2018-11-27 16:55:25,968 - WARNING - File: acp-15-5521-2015, DOI: 10.5194/acp-15-5521-2015 has no ctxID matching.
2018-11-27 16:55:25,987 - WARNING - File: acp-15-5557-2015, DOI: 10.5194/acp-15-5557-2015 has no ctxID matching.
2018-11-27 16:55:26,005 - WARNING - File: acp-15-5715-2015, DOI: 10.5194/acp-15-5715-2015 has no ctxID matching.
2018-11-27 16:55:26,023 - WARNING - File: acp-15-6971-2015, DOI: 10.5194/acp-15-6971-2015 has no ctxID matching.
2018-11-27 16:55:26,041 - WARNING - File: acp-15-7155-2015, DOI: 10.5194/acp-15-7155-2015 has no ctxID matching.
2018-11-27 16:55:26,058 - WARNING - File: acp-15-7173-2015, DOI: 10.5194/acp-15-7173-2015 has no ctxID matching.
2018-11-27 16:55:26,076 - WARNING - File: acp-16-10175-2016, DOI: 10.5194/acp-16-10175-2016 has no ctxID matching.
2018-11-27 16:55:26,094 - WARNING - File: acp-16-10299-2016, DOI: 10.5194/acp-16-10299-2016 has no ctxID matching.
2018-11-27 16:55:26,115 - WARNING - File: acp-16-10965-2016, DOI: 10.5194/acp-16-10965-2016 has no ctxID matching.
2018-11-27 16:55:26,133 - WARNING - File: acp-16-11337-2016, DOI: 10.5194/acp-16-11337-2016 has no ctxID matching.
2018-11-27 16:55:26,150 - WARNING - File: acp-16-12477-2016, DOI: 10.5194/acp-16-12477-2016 has no ctxID matching.
2018-11-27 16:55:26,168 - WARNING - File: acp-16-13015-2016, DOI: 10.5194/acp-16-13015-2016 has no ctxID matching.
2018-11-27 16:55:26,186 - WARNING - File: acp-16-13105-2016, DOI: 10.5194/acp-16-13105-2016 has no ctxID matching.
2018-11-27 16:55:26,206 - WARNING - File: acp-16-13231-2016, DOI: 10.5194/acp-16-13231-2016 has no ctxID matching.
2018-11-27 16:55:26,225 - WARNING - File: acp-16-13853-2016, DOI: 10.5194/acp-16-13853-2016 has no ctxID matching.
2018-11-27 16:55:26,244 - WARNING - File: acp-16-14025-2016, DOI: 10.5194/acp-16-14025-2016 has no ctxID matching.
2018-11-27 16:55:26,266 - WARNING - File: acp-16-14475-2016, DOI: 10.5194/acp-16-14475-2016 has no ctxID matching.
2018-11-27 16:55:26,286 - WARNING - File: acp-16-14775-2016, DOI: 10.5194/acp-16-14775-2016 has no ctxID matching.
2018-11-27 16:55:26,304 - WARNING - File: acp-16-1491-2016, DOI: 10.5194/acp-16-1491-2016 has no ctxID matching.
2018-11-27 16:55:26,323 - WARNING - File: acp-16-15165-2016, DOI: 10.5194/acp-16-15165-2016 has no ctxID matching.
2018-11-27 16:55:26,342 - WARNING - File: acp-16-15277-2016, DOI: 10.5194/acp-16-15277-2016 has no ctxID matching.
2018-11-27 16:55:26,361 - WARNING - File: acp-16-1531-2016, DOI: 10.5194/acp-16-1531-2016 has no ctxID matching.
2018-11-27 16:55:26,380 - WARNING - File: acp-16-1761-2016, DOI: 10.5194/acp-16-1761-2016 has no ctxID matching.
2018-11-27 16:55:26,398 - WARNING - File: acp-16-3013-2016, DOI: 10.5194/acp-16-3013-2016 has no ctxID matching.
2018-11-27 16:55:26,415 - WARNING - File: acp-16-3327-2016, DOI: 10.5194/acp-16-3327-2016 has no ctxID matching.
2018-11-27 16:55:26,435 - WARNING - File: acp-16-3609-2016, DOI: 10.5194/acp-16-3609-2016 has no ctxID matching.
2018-11-27 16:55:26,455 - WARNING - File: acp-16-4867-2016, DOI: 10.5194/acp-16-4867-2016 has no ctxID matching.
2018-11-27 16:55:26,472 - WARNING - File: acp-16-505-2016, DOI: 10.5194/acp-16-505-2016 has no ctxID matching.
2018-11-27 16:55:26,490 - WARNING - File: acp-16-5063-2016, DOI: 10.5194/acp-16-5063-2016 has no ctxID matching.
2018-11-27 16:55:26,508 - WARNING - File: acp-16-5283-2016, DOI: 10.5194/acp-16-5283-2016 has no ctxID matching.
2018-11-27 16:55:26,525 - WARNING - File: acp-16-6563-2016, DOI: 10.5194/acp-16-6563-2016 has no ctxID matching.
2018-11-27 16:55:26,543 - WARNING - File: acp-16-6931-2016, DOI: 10.5194/acp-16-6931-2016 has no ctxID matching.
2018-11-27 16:55:26,562 - WARNING - File: acp-16-7213-2016, DOI: 10.5194/acp-16-7213-2016 has no ctxID matching.
2018-11-27 16:55:26,583 - WARNING - File: acp-16-8593-2016, DOI: 10.5194/acp-16-8593-2016 has no ctxID matching.
2018-11-27 16:55:26,601 - WARNING - File: acp-16-8939-2016, DOI: 10.5194/acp-16-8939-2016 has no ctxID matching.
2018-11-27 16:55:26,620 - WARNING - File: acp-16-9457-2016, DOI: 10.5194/acp-16-9457-2016 has no ctxID matching.
2018-11-27 16:55:26,638 - WARNING - File: acp-16-9591-2016, DOI: 10.5194/acp-16-9591-2016 has no ctxID matching.
2018-11-27 16:55:26,656 - WARNING - File: acpd-12-33291-2012, DOI: 10.5194/acpd-12-33291-2012 has no ctxID matching.
2018-11-27 16:55:26,674 - WARNING - File: acpd-13-11395-2013, DOI: 10.5194/acpd-13-11395-2013 has no ctxID matching.
2018-11-27 16:55:26,693 - WARNING - File: acpd-13-11659-2013, DOI: 10.5194/acpd-13-11659-2013 has no ctxID matching.
2018-11-27 16:55:26,712 - WARNING - File: acpd-13-18345-2013, DOI: 10.5194/acpd-13-18345-2013 has no ctxID matching.
2018-11-27 16:55:26,729 - WARNING - File: acpd-13-19527-2013, DOI: 10.5194/acpd-13-19527-2013 has no ctxID matching.
2018-11-27 16:55:26,748 - WARNING - File: acpd-13-20319-2013, DOI: 10.5194/acpd-13-20319-2013 has no ctxID matching.
2018-11-27 16:55:26,766 - WARNING - File: acpd-13-23599-2013, DOI: 10.5194/acpd-13-23599-2013 has no ctxID matching.
2018-11-27 16:55:26,785 - WARNING - File: acpd-13-24343-2013, DOI: 10.5194/acpd-13-24343-2013 has no ctxID matching.
2018-11-27 16:55:26,803 - WARNING - File: acpd-13-24855-2013, DOI: 10.5194/acpd-13-24855-2013 has no ctxID matching.
2018-11-27 16:55:26,823 - WARNING - File: acpd-13-28561-2013, DOI: 10.5194/acpd-13-28561-2013 has no ctxID matching.
2018-11-27 16:55:26,842 - WARNING - File: acpd-13-28695-2013, DOI: 10.5194/acpd-13-28695-2013 has no ctxID matching.
2018-11-27 16:55:26,859 - WARNING - File: acpd-13-30187-2013, DOI: 10.5194/acpd-13-30187-2013 has no ctxID matching.
2018-11-27 16:55:26,878 - WARNING - File: acpd-13-32575-2013, DOI: 10.5194/acpd-13-32575-2013 has no ctxID matching.
2018-11-27 16:55:26,896 - WARNING - File: acpd-13-4391-2013, DOI: 10.5194/acpd-13-4391-2013 has no ctxID matching.
2018-11-27 16:55:26,914 - WARNING - File: acpd-13-7737-2013, DOI: 10.5194/acpd-13-7737-2013 has no ctxID matching.
2018-11-27 16:55:26,932 - WARNING - File: acpd-13-8213-2013, DOI: 10.5194/acpd-13-8213-2013 has no ctxID matching.
2018-11-27 16:55:26,950 - WARNING - File: acpd-13-8261-2013, DOI: 10.5194/acpd-13-8261-2013 has no ctxID matching.
2018-11-27 16:55:26,968 - WARNING - File: acpd-13-983-2013, DOI: 10.5194/acpd-13-983-2013 has no ctxID matching.
2018-11-27 16:55:26,987 - WARNING - File: acpd-14-11249-2014, DOI: 10.5194/acpd-14-11249-2014 has no ctxID matching.
2018-11-27 16:55:27,005 - WARNING - File: acpd-14-11815-2014, DOI: 10.5194/acpd-14-11815-2014 has no ctxID matching.
2018-11-27 16:55:27,026 - WARNING - File: acpd-14-12071-2014, DOI: 10.5194/acpd-14-12071-2014 has no ctxID matching.
2018-11-27 16:55:27,042 - WARNING - File: acpd-14-12409-2014, DOI: 10.5194/acpd-14-12409-2014 has no ctxID matching.
2018-11-27 16:55:27,061 - WARNING - File: acpd-14-14637-2014, DOI: 10.5194/acpd-14-14637-2014 has no ctxID matching.
2018-11-27 16:55:27,079 - WARNING - File: acpd-14-16243-2014, DOI: 10.5194/acpd-14-16243-2014 has no ctxID matching.
2018-11-27 16:55:27,097 - WARNING - File: acpd-14-16451-2014, DOI: 10.5194/acpd-14-16451-2014 has no ctxID matching.
2018-11-27 16:55:27,116 - WARNING - File: acpd-14-19247-2014, DOI: 10.5194/acpd-14-19247-2014 has no ctxID matching.
2018-11-27 16:55:27,134 - WARNING - File: acpd-14-19357-2014, DOI: 10.5194/acpd-14-19357-2014 has no ctxID matching.
2018-11-27 16:55:27,151 - WARNING - File: acpd-14-20383-2014, DOI: 10.5194/acpd-14-20383-2014 has no ctxID matching.
2018-11-27 16:55:27,169 - WARNING - File: acpd-14-20721-2014, DOI: 10.5194/acpd-14-20721-2014 has no ctxID matching.
2018-11-27 16:55:27,186 - WARNING - File: acpd-14-21037-2014, DOI: 10.5194/acpd-14-21037-2014 has no ctxID matching.
2018-11-27 16:55:27,202 - WARNING - File: acpd-14-21975-2014, DOI: 10.5194/acpd-14-21975-2014 has no ctxID matching.
2018-11-27 16:55:27,221 - WARNING - File: acpd-14-24273-2014, DOI: 10.5194/acpd-14-24273-2014 has no ctxID matching.
2018-11-27 16:55:27,239 - WARNING - File: acpd-14-26619-2014, DOI: 10.5194/acpd-14-26619-2014 has no ctxID matching.
2018-11-27 16:55:27,256 - WARNING - File: acpd-14-26939-2014, DOI: 10.5194/acpd-14-26939-2014 has no ctxID matching.
2018-11-27 16:55:27,274 - WARNING - File: acpd-14-28657-2014, DOI: 10.5194/acpd-14-28657-2014 has no ctxID matching.
2018-11-27 16:55:27,292 - WARNING - File: acpd-14-29159-2014, DOI: 10.5194/acpd-14-29159-2014 has no ctxID matching.
2018-11-27 16:55:27,313 - WARNING - File: acpd-14-2935-2014, DOI: 10.5194/acpd-14-2935-2014 has no ctxID matching.
2018-11-27 16:55:27,330 - WARNING - File: acpd-14-30547-2014, DOI: 10.5194/acpd-14-30547-2014 has no ctxID matching.
2018-11-27 16:55:27,350 - WARNING - File: acpd-14-30611-2014, DOI: 10.5194/acpd-14-30611-2014 has no ctxID matching.
2018-11-27 16:55:27,368 - WARNING - File: acpd-14-4627-2014, DOI: 10.5194/acpd-14-4627-2014 has no ctxID matching.
2018-11-27 16:55:27,387 - WARNING - File: acpd-14-5233-2014, DOI: 10.5194/acpd-14-5233-2014 has no ctxID matching.
2018-11-27 16:55:27,405 - WARNING - File: acpd-14-5929-2014, DOI: 10.5194/acpd-14-5929-2014 has no ctxID matching.
2018-11-27 16:55:27,422 - WARNING - File: acpd-14-7739-2014, DOI: 10.5194/acpd-14-7739-2014 has no ctxID matching.
2018-11-27 16:55:27,441 - WARNING - File: acpd-14-7777-2014, DOI: 10.5194/acpd-14-7777-2014 has no ctxID matching.
2018-11-27 16:55:27,462 - WARNING - File: acpd-14-7823-2014, DOI: 10.5194/acpd-14-7823-2014 has no ctxID matching.
2018-11-27 16:55:27,479 - WARNING - File: acpd-15-10709-2015, DOI: 10.5194/acpd-15-10709-2015 has no ctxID matching.
2018-11-27 16:55:27,496 - WARNING - File: acpd-15-10939-2015, DOI: 10.5194/acpd-15-10939-2015 has no ctxID matching.
2018-11-27 16:55:27,513 - WARNING - File: acpd-15-11525-2015, DOI: 10.5194/acpd-15-11525-2015 has no ctxID matching.
2018-11-27 16:55:27,540 - WARNING - File: acpd-15-11599-2015, DOI: 10.5194/acpd-15-11599-2015 has no ctxID matching.
2018-11-27 16:55:27,559 - WARNING - File: acpd-15-13551-2015, DOI: 10.5194/acpd-15-13551-2015 has no ctxID matching.
2018-11-27 16:55:27,576 - WARNING - File: acpd-15-17397-2015, DOI: 10.5194/acpd-15-17397-2015 has no ctxID matching.
2018-11-27 16:55:27,594 - WARNING - File: acpd-15-21133-2015, DOI: 10.5194/acpd-15-21133-2015 has no ctxID matching.
2018-11-27 16:55:27,612 - WARNING - File: acpd-15-2119-2015, DOI: 10.5194/acpd-15-2119-2015 has no ctxID matching.
2018-11-27 16:55:27,631 - WARNING - File: acpd-15-4677-2015, DOI: 10.5194/acpd-15-4677-2015 has no ctxID matching.
2018-11-27 16:55:27,648 - WARNING - File: acpd-15-6645-2015, DOI: 10.5194/acpd-15-6645-2015 has no ctxID matching.
2018-11-27 16:55:27,663 - WARNING - File: acpd-15-6695-2015, DOI: 10.5194/acpd-15-6695-2015 has no ctxID matching.
2018-11-27 16:55:27,681 - WARNING - File: acpd-15-6967-2015, DOI: 10.5194/acpd-15-6967-2015 has no ctxID matching.
2018-11-27 16:55:27,699 - WARNING - File: acpd-15-7837-2015, DOI: 10.5194/acpd-15-7837-2015 has no ctxID matching.
2018-11-27 16:55:27,716 - WARNING - File: amt-8-2161-2015, DOI: 10.5194/amt-8-2161-2015 has no ctxID matching.
2018-11-27 16:55:27,740 - WARNING - File: amt-8-2233-2015, DOI: 10.5194/amt-8-2233-2015 has no ctxID matching.
2018-11-27 16:55:27,759 - WARNING - File: amt-8-2827-2015, DOI: 10.5194/amt-8-2827-2015 has no ctxID matching.
2018-11-27 16:55:27,776 - WARNING - File: amt-9-1637-2016, DOI: 10.5194/amt-9-1637-2016 has no ctxID matching.
2018-11-27 16:55:27,794 - WARNING - File: amt-9-2147-2016, DOI: 10.5194/amt-9-2147-2016 has no ctxID matching.
2018-11-27 16:55:27,814 - WARNING - File: amt-9-2291-2016, DOI: 10.5194/amt-9-2291-2016 has no ctxID matching.
2018-11-27 16:55:27,832 - WARNING - File: amt-9-2381-2016, DOI: 10.5194/amt-9-2381-2016 has no ctxID matching.
2018-11-27 16:55:27,850 - WARNING - File: amt-9-2753-2016, DOI: 10.5194/amt-9-2753-2016 has no ctxID matching.
2018-11-27 16:55:27,870 - WARNING - File: amt-9-3717-2016, DOI: 10.5194/amt-9-3717-2016 has no ctxID matching.
2018-11-27 16:55:27,887 - WARNING - File: amt-9-4803-2016, DOI: 10.5194/amt-9-4803-2016 has no ctxID matching.
2018-11-27 16:55:27,905 - WARNING - File: amt-9-5103-2016, DOI: 10.5194/amt-9-5103-2016 has no ctxID matching.
2018-11-27 16:55:27,923 - WARNING - File: amt-9-5183-2016, DOI: 10.5194/amt-9-5183-2016 has no ctxID matching.
2018-11-27 16:55:27,941 - WARNING - File: amt-9-553-2016, DOI: 10.5194/amt-9-553-2016 has no ctxID matching.
2018-11-27 16:55:27,960 - WARNING - File: amt-9-599-2016, DOI: 10.5194/amt-9-599-2016 has no ctxID matching.
2018-11-27 16:55:27,978 - WARNING - File: amtd-6-10021-2013, DOI: 10.5194/amtd-6-10021-2013 has no ctxID matching.
2018-11-27 16:55:27,996 - WARNING - File: amtd-6-10297-2013, DOI: 10.5194/amtd-6-10297-2013 has no ctxID matching.
2018-11-27 16:55:28,013 - WARNING - File: amtd-6-3643-2013, DOI: 10.5194/amtd-6-3643-2013 has no ctxID matching.
2018-11-27 16:55:28,030 - WARNING - File: amtd-6-4677-2013, DOI: 10.5194/amtd-6-4677-2013 has no ctxID matching.
2018-11-27 16:55:28,048 - WARNING - File: amtd-6-5653-2013, DOI: 10.5194/amtd-6-5653-2013 has no ctxID matching.
2018-11-27 16:55:28,066 - WARNING - File: amtd-6-5693-2013, DOI: 10.5194/amtd-6-5693-2013 has no ctxID matching.
2018-11-27 16:55:28,084 - WARNING - File: amtd-6-7659-2013, DOI: 10.5194/amtd-6-7659-2013 has no ctxID matching.
2018-11-27 16:55:28,101 - WARNING - File: amtd-6-867-2013, DOI: 10.5194/amtd-6-867-2013 has no ctxID matching.
2018-11-27 16:55:28,119 - WARNING - File: amtd-7-11137-2014, DOI: 10.5194/amtd-7-11137-2014 has no ctxID matching.
2018-11-27 16:55:28,137 - WARNING - File: amtd-7-1917-2014, DOI: 10.5194/amtd-7-1917-2014 has no ctxID matching.
2018-11-27 16:55:28,154 - WARNING - File: amtd-7-819-2014, DOI: 10.5194/amtd-7-819-2014 has no ctxID matching.
2018-11-27 16:55:28,173 - WARNING - File: amtd-8-1511-2015, DOI: 10.5194/amtd-8-1511-2015 has no ctxID matching.
2018-11-27 16:55:28,190 - WARNING - File: amtd-8-2437-2015, DOI: 10.5194/amtd-8-2437-2015 has no ctxID matching.
2018-11-27 16:55:28,207 - WARNING - File: amtd-8-3423-2015, DOI: 10.5194/amtd-8-3423-2015 has no ctxID matching.
2018-11-27 16:55:28,224 - WARNING - File: amtd-8-3525-2015, DOI: 10.5194/amtd-8-3525-2015 has no ctxID matching.
2018-11-27 16:55:28,241 - WARNING - File: amtd-8-4653-2015, DOI: 10.5194/amtd-8-4653-2015 has no ctxID matching.
2018-11-27 16:55:28,257 - WARNING - File: amtd-8-5105-2015, DOI: 10.5194/amtd-8-5105-2015 has no ctxID matching.
2018-11-27 16:55:28,275 - WARNING - File: amtd-8-5329-2015, DOI: 10.5194/amtd-8-5329-2015 has no ctxID matching.
2018-11-27 16:55:28,293 - WARNING - File: amtd-8-541-2015, DOI: 10.5194/amtd-8-541-2015 has no ctxID matching.
2018-11-27 16:55:28,311 - WARNING - File: amtd-8-5895-2015, DOI: 10.5194/amtd-8-5895-2015 has no ctxID matching.
2018-11-27 16:55:28,329 - WARNING - File: angeo-33-583-2015, DOI: 10.5194/angeo-33-583-2015 has no ctxID matching.
2018-11-27 16:55:28,346 - WARNING - File: angeo-33-719-2015, DOI: 10.5194/angeo-33-719-2015 has no ctxID matching.
2018-11-27 16:55:28,364 - WARNING - File: angeo-33-749-2015, DOI: 10.5194/angeo-33-749-2015 has no ctxID matching.
2018-11-27 16:55:28,381 - WARNING - File: angeo-34-153-2016, DOI: 10.5194/angeo-34-153-2016 has no ctxID matching.
2018-11-27 16:55:28,399 - WARNING - File: bg-12-1907-2015, DOI: 10.5194/bg-12-1907-2015 has no ctxID matching.
2018-11-27 16:55:28,417 - WARNING - File: bg-12-3525-2015, DOI: 10.5194/bg-12-3525-2015 has no ctxID matching.
2018-11-27 16:55:28,435 - WARNING - File: bg-13-1299-2016, DOI: 10.5194/bg-13-1299-2016 has no ctxID matching.
2018-11-27 16:55:28,453 - WARNING - File: bg-13-1491-2016, DOI: 10.5194/bg-13-1491-2016 has no ctxID matching.
2018-11-27 16:55:28,472 - WARNING - File: bg-13-1553-2016, DOI: 10.5194/bg-13-1553-2016 has no ctxID matching.
2018-11-27 16:55:28,492 - WARNING - File: bg-13-3163-2016, DOI: 10.5194/bg-13-3163-2016 has no ctxID matching.
2018-11-27 16:55:28,511 - WARNING - File: bg-13-4219-2016, DOI: 10.5194/bg-13-4219-2016 has no ctxID matching.
2018-11-27 16:55:28,530 - WARNING - File: bg-13-5315-2016, DOI: 10.5194/bg-13-5315-2016 has no ctxID matching.
2018-11-27 16:55:28,548 - WARNING - File: bg-13-5661-2016, DOI: 10.5194/bg-13-5661-2016 has no ctxID matching.
2018-11-27 16:55:28,566 - WARNING - File: bg-13-659-2016, DOI: 10.5194/bg-13-659-2016 has no ctxID matching.
2018-11-27 16:55:28,584 - WARNING - File: bg-14-3015-2017, DOI: 10.5194/bg-14-3015-2017 has no ctxID matching.
2018-11-27 16:55:35,737 - INFO - File: bg-14-3685-2017, DOI: 10.5194/bg-14-3685-2017 is submitted successfully
2018-11-27 16:55:42,167 - INFO - File: bg-14-4255-2017, DOI: 10.5194/bg-14-4255-2017 is submitted successfully
2018-11-27 16:55:44,035 - INFO - File: bg-14-511-2017, DOI: 10.5194/bg-14-511-2017 is submitted successfully
2018-11-27 16:55:46,247 - INFO - File: bg-14-703-2017, DOI: 10.5194/bg-14-703-2017 is submitted successfully
2018-11-27 16:55:56,094 - INFO - File: bg-15-1293-2018, DOI: 10.5194/bg-15-1293-2018 is submitted successfully
2018-11-27 16:55:59,526 - INFO - File: bg-15-1415-2018, DOI: 10.5194/bg-15-1415-2018 is submitted successfully
2018-11-27 16:56:03,020 - INFO - File: bg-15-1607-2018, DOI: 10.5194/bg-15-1607-2018 is submitted successfully
2018-11-27 16:56:05,738 - INFO - File: bg-15-1947-2018, DOI: 10.5194/bg-15-1947-2018 is submitted successfully
2018-11-27 16:56:08,993 - INFO - File: bg-15-2433-2018, DOI: 10.5194/bg-15-2433-2018 is submitted successfully
2018-11-27 16:56:11,874 - INFO - File: bg-15-2481-2018, DOI: 10.5194/bg-15-2481-2018 is submitted successfully
2018-11-27 16:56:15,757 - INFO - File: bg-15-279-2018, DOI: 10.5194/bg-15-279-2018 is submitted successfully
2018-11-27 16:56:18,575 - INFO - File: bg-15-4205-2018, DOI: 10.5194/bg-15-4205-2018 is submitted successfully
2018-11-27 16:56:18,646 - WARNING - File: bgd-10-11785-2013, DOI: 10.5194/bgd-10-11785-2013 has no ctxID matching.
2018-11-27 16:56:18,660 - WARNING - File: bgd-10-12451-2013, DOI: 10.5194/bgd-10-12451-2013 has no ctxID matching.
2018-11-27 16:56:18,674 - WARNING - File: bgd-10-13803-2013, DOI: 10.5194/bgd-10-13803-2013 has no ctxID matching.
2018-11-27 16:56:18,687 - WARNING - File: bgd-10-14169-2013, DOI: 10.5194/bgd-10-14169-2013 has no ctxID matching.
2018-11-27 16:56:18,702 - WARNING - File: bgd-10-15337-2013, DOI: 10.5194/bgd-10-15337-2013 has no ctxID matching.
2018-11-27 16:56:18,715 - WARNING - File: bgd-10-16551-2013, DOI: 10.5194/bgd-10-16551-2013 has no ctxID matching.
2018-11-27 16:56:18,729 - WARNING - File: bgd-10-16805-2013, DOI: 10.5194/bgd-10-16805-2013 has no ctxID matching.
2018-11-27 16:56:18,743 - WARNING - File: bgd-10-17511-2013, DOI: 10.5194/bgd-10-17511-2013 has no ctxID matching.
2018-11-27 16:56:18,757 - WARNING - File: bgd-10-1899-2013, DOI: 10.5194/bgd-10-1899-2013 has no ctxID matching.
2018-11-27 16:56:18,772 - WARNING - File: bgd-10-19347-2013, DOI: 10.5194/bgd-10-19347-2013 has no ctxID matching.
2018-11-27 16:56:18,786 - WARNING - File: bgd-10-3341-2013, DOI: 10.5194/bgd-10-3341-2013 has no ctxID matching.
2018-11-27 16:56:18,801 - WARNING - File: bgd-10-335-2013, DOI: 10.5194/bgd-10-335-2013 has no ctxID matching.
2018-11-27 16:56:18,815 - WARNING - File: bgd-10-3735-2013, DOI: 10.5194/bgd-10-3735-2013 has no ctxID matching.
2018-11-27 16:56:18,830 - WARNING - File: bgd-10-4461-2013, DOI: 10.5194/bgd-10-4461-2013 has no ctxID matching.
2018-11-27 16:56:18,844 - WARNING - File: bgd-10-5671-2013, DOI: 10.5194/bgd-10-5671-2013 has no ctxID matching.
2018-11-27 16:56:18,859 - WARNING - File: bgd-10-6417-2013, DOI: 10.5194/bgd-10-6417-2013 has no ctxID matching.
2018-11-27 16:56:18,873 - WARNING - File: bgd-10-6461-2013, DOI: 10.5194/bgd-10-6461-2013 has no ctxID matching.
2018-11-27 16:56:18,887 - WARNING - File: bgd-10-8065-2013, DOI: 10.5194/bgd-10-8065-2013 has no ctxID matching.
2018-11-27 16:56:18,902 - WARNING - File: bgd-11-10737-2014, DOI: 10.5194/bgd-11-10737-2014 has no ctxID matching.
2018-11-27 16:56:18,916 - WARNING - File: bgd-11-10917-2014, DOI: 10.5194/bgd-11-10917-2014 has no ctxID matching.
2018-11-27 16:56:18,931 - WARNING - File: bgd-11-1187-2014, DOI: 10.5194/bgd-11-1187-2014 has no ctxID matching.
2018-11-27 16:56:18,946 - WARNING - File: bgd-11-12009-2014, DOI: 10.5194/bgd-11-12009-2014 has no ctxID matching.
2018-11-27 16:56:18,959 - WARNING - File: bgd-11-12697-2014, DOI: 10.5194/bgd-11-12697-2014 has no ctxID matching.
2018-11-27 16:56:18,974 - WARNING - File: bgd-11-16085-2014, DOI: 10.5194/bgd-11-16085-2014 has no ctxID matching.
2018-11-27 16:56:18,988 - WARNING - File: bgd-11-1869-2014, DOI: 10.5194/bgd-11-1869-2014 has no ctxID matching.
2018-11-27 16:56:19,003 - WARNING - File: bgd-11-2083-2014, DOI: 10.5194/bgd-11-2083-2014 has no ctxID matching.
2018-11-27 16:56:19,018 - WARNING - File: bgd-11-3167-2014, DOI: 10.5194/bgd-11-3167-2014 has no ctxID matching.
2018-11-27 16:56:19,032 - WARNING - File: bgd-11-5443-2014, DOI: 10.5194/bgd-11-5443-2014 has no ctxID matching.
2018-11-27 16:56:19,046 - WARNING - File: bgd-11-5969-2014, DOI: 10.5194/bgd-11-5969-2014 has no ctxID matching.
2018-11-27 16:56:19,062 - WARNING - File: bgd-11-6945-2014, DOI: 10.5194/bgd-11-6945-2014 has no ctxID matching.
2018-11-27 16:56:19,078 - WARNING - File: bgd-12-10195-2015, DOI: 10.5194/bgd-12-10195-2015 has no ctxID matching.
2018-11-27 16:56:19,092 - WARNING - File: bgd-12-11279-2015, DOI: 10.5194/bgd-12-11279-2015 has no ctxID matching.
2018-11-27 16:56:19,107 - WARNING - File: bgd-12-11751-2015, DOI: 10.5194/bgd-12-11751-2015 has no ctxID matching.
2018-11-27 16:56:19,122 - WARNING - File: bgd-12-11891-2015, DOI: 10.5194/bgd-12-11891-2015 has no ctxID matching.
2018-11-27 16:56:19,137 - WARNING - File: bgd-12-2897-2015, DOI: 10.5194/bgd-12-2897-2015 has no ctxID matching.
2018-11-27 16:56:19,152 - WARNING - File: bgd-12-6445-2015, DOI: 10.5194/bgd-12-6445-2015 has no ctxID matching.
2018-11-27 16:56:19,167 - WARNING - File: bgd-12-9393-2015, DOI: 10.5194/bgd-12-9393-2015 has no ctxID matching.
2018-11-27 16:56:19,182 - WARNING - File: cp-11-765-2015, DOI: 10.5194/cp-11-765-2015 has no ctxID matching.
2018-11-27 16:56:19,196 - WARNING - File: cp-11-781-2015, DOI: 10.5194/cp-11-781-2015 has no ctxID matching.
2018-11-27 16:56:19,211 - WARNING - File: cp-11-939-2015, DOI: 10.5194/cp-11-939-2015 has no ctxID matching.
2018-11-27 16:56:19,225 - WARNING - File: cp-12-1009-2016, DOI: 10.5194/cp-12-1009-2016 has no ctxID matching.
2018-11-27 16:56:19,239 - WARNING - File: cp-12-1555-2016, DOI: 10.5194/cp-12-1555-2016 has no ctxID matching.
2018-11-27 16:56:19,252 - WARNING - File: cp-12-1829-2016, DOI: 10.5194/cp-12-1829-2016 has no ctxID matching.
2018-11-27 16:56:19,267 - WARNING - File: cp-12-2145-2016, DOI: 10.5194/cp-12-2145-2016 has no ctxID matching.
2018-11-27 16:56:26,604 - INFO - File: cp-13-107-2017, DOI: 10.5194/cp-13-107-2017 is submitted successfully
2018-11-27 16:56:33,144 - INFO - File: cp-14-1051-2018, DOI: 10.5194/cp-14-1051-2018 is submitted successfully
2018-11-27 16:56:33,215 - WARNING - File: cpd-10-1933-2014, DOI: 10.5194/cpd-10-1933-2014 has no ctxID matching.
2018-11-27 16:56:33,231 - WARNING - File: cpd-10-2293-2014, DOI: 10.5194/cpd-10-2293-2014 has no ctxID matching.
2018-11-27 16:56:33,247 - WARNING - File: cpd-10-2895-2014, DOI: 10.5194/cpd-10-2895-2014 has no ctxID matching.
2018-11-27 16:56:33,263 - WARNING - File: cpd-10-3255-2014, DOI: 10.5194/cpd-10-3255-2014 has no ctxID matching.
2018-11-27 16:56:33,279 - WARNING - File: cpd-10-3449-2014, DOI: 10.5194/cpd-10-3449-2014 has no ctxID matching.
2018-11-27 16:56:33,295 - WARNING - File: cpd-10-3715-2014, DOI: 10.5194/cpd-10-3715-2014 has no ctxID matching.
2018-11-27 16:56:33,310 - WARNING - File: cpd-10-4257-2014, DOI: 10.5194/cpd-10-4257-2014 has no ctxID matching.
2018-11-27 16:56:33,326 - WARNING - File: cpd-10-4425-2014, DOI: 10.5194/cpd-10-4425-2014 has no ctxID matching.
2018-11-27 16:56:33,342 - WARNING - File: cpd-10-563-2014, DOI: 10.5194/cpd-10-563-2014 has no ctxID matching.
2018-11-27 16:56:33,356 - WARNING - File: cpd-11-1551-2015, DOI: 10.5194/cpd-11-1551-2015 has no ctxID matching.
2018-11-27 16:56:33,372 - WARNING - File: cpd-11-1945-2015, DOI: 10.5194/cpd-11-1945-2015 has no ctxID matching.
2018-11-27 16:56:33,386 - WARNING - File: cpd-11-2483-2015, DOI: 10.5194/cpd-11-2483-2015 has no ctxID matching.
2018-11-27 16:56:33,402 - WARNING - File: cpd-11-2665-2015, DOI: 10.5194/cpd-11-2665-2015 has no ctxID matching.
2018-11-27 16:56:33,418 - WARNING - File: cpd-11-997-2015, DOI: 10.5194/cpd-11-997-2015 has no ctxID matching.
2018-11-27 16:56:33,433 - WARNING - File: cpd-9-3789-2013, DOI: 10.5194/cpd-9-3789-2013 has no ctxID matching.
2018-11-27 16:56:33,449 - WARNING - File: cpd-9-6429-2013, DOI: 10.5194/cpd-9-6429-2013 has no ctxID matching.
2018-11-27 16:56:33,464 - WARNING - File: esd-7-1-2016, DOI: 10.5194/esd-7-1-2016 has no ctxID matching.
2018-11-27 16:56:33,479 - WARNING - File: esd-7-535-2016, DOI: 10.5194/esd-7-535-2016 has no ctxID matching.
2018-11-27 16:56:33,494 - WARNING - File: esd-7-611-2016, DOI: 10.5194/esd-7-611-2016 has no ctxID matching.
2018-11-27 16:56:33,511 - WARNING - File: esd-7-71-2016, DOI: 10.5194/esd-7-71-2016 has no ctxID matching.
2018-11-27 16:56:37,823 - INFO - File: esd-8-387-2017, DOI: 10.5194/esd-8-387-2017 is submitted successfully
2018-11-27 16:56:43,508 - INFO - File: esd-8-677-2017, DOI: 10.5194/esd-8-677-2017 is submitted successfully
2018-11-27 16:56:47,699 - INFO - File: esd-8-849-2017, DOI: 10.5194/esd-8-849-2017 is submitted successfully
2018-11-27 16:56:52,736 - INFO - File: esd-9-393-2018, DOI: 10.5194/esd-9-393-2018 is submitted successfully
2018-11-27 16:56:56,034 - INFO - File: esd-9-413-2018, DOI: 10.5194/esd-9-413-2018 is submitted successfully
2018-11-27 16:57:00,059 - INFO - File: esd-9-739-2018, DOI: 10.5194/esd-9-739-2018 is submitted successfully
2018-11-27 16:57:00,149 - WARNING - File: esdd-4-595-2013, DOI: 10.5194/esdd-4-595-2013 has no ctxID matching.
2018-11-27 16:57:00,167 - WARNING - File: esdd-4-677-2013, DOI: 10.5194/esdd-4-677-2013 has no ctxID matching.
2018-11-27 16:57:00,184 - WARNING - File: esdd-4-853-2013, DOI: 10.5194/esdd-4-853-2013 has no ctxID matching.
2018-11-27 16:57:00,201 - WARNING - File: esdd-4-869-2013, DOI: 10.5194/esdd-4-869-2013 has no ctxID matching.
2018-11-27 16:57:00,217 - WARNING - File: esdd-5-121-2014, DOI: 10.5194/esdd-5-121-2014 has no ctxID matching.
2018-11-27 16:57:00,233 - WARNING - File: esdd-5-443-2014, DOI: 10.5194/esdd-5-443-2014 has no ctxID matching.
2018-11-27 16:57:00,248 - WARNING - File: esdd-6-1101-2015, DOI: 10.5194/esdd-6-1101-2015 has no ctxID matching.
2018-11-27 16:57:00,263 - WARNING - File: essd-10-1327-2018, DOI: 10.5194/essd-10-1327-2018 has no ctxID matching.
2018-11-27 16:57:00,280 - WARNING - File: essd-10-449-2018, DOI: 10.5194/essd-10-449-2018 has no ctxID matching.
2018-11-27 16:57:00,296 - WARNING - File: essd-8-425-2016, DOI: 10.5194/essd-8-425-2016 has no ctxID matching.
2018-11-27 16:57:00,311 - WARNING - File: essd-9-833-2017, DOI: 10.5194/essd-9-833-2017 has no ctxID matching.
2018-11-27 16:57:00,326 - WARNING - File: essdd-6-153-2013, DOI: 10.5194/essdd-6-153-2013 has no ctxID matching.
2018-11-27 16:57:00,342 - WARNING - File: essdd-6-367-2013, DOI: 10.5194/essdd-6-367-2013 has no ctxID matching.
2018-11-27 16:57:00,357 - WARNING - File: essdd-6-411-2013, DOI: 10.5194/essdd-6-411-2013 has no ctxID matching.
2018-11-27 16:57:00,371 - WARNING - File: essdd-8-587-2015, DOI: 10.5194/essdd-8-587-2015 has no ctxID matching.
2018-11-27 16:57:00,385 - WARNING - File: gid-3-533-2013, DOI: 10.5194/gid-3-533-2013 has no ctxID matching.
2018-11-27 16:57:04,131 - INFO - File: gmd-10-2009-2017, DOI: 10.5194/gmd-10-2009-2017 is submitted successfully
2018-11-27 16:57:23,625 - INFO - File: gmd-10-3145-2017, DOI: 10.5194/hess-21-4283-2017 is submitted successfully
2018-11-27 16:57:27,136 - INFO - File: gmd-10-333-2017, DOI: 10.5194/gmd-10-333-2017 is submitted successfully
2018-11-27 16:57:31,922 - INFO - File: gmd-10-3519-2017, DOI: 10.5194/gmd-10-3519-2017 is submitted successfully
2018-11-27 16:57:36,791 - INFO - File: gmd-10-433-2017, DOI: 10.5194/gmd-10-433-2017 is submitted successfully
2018-11-27 16:57:42,726 - INFO - File: gmd-11-2581-2018, DOI: 10.5194/gmd-11-2581-2018 is submitted successfully
2018-11-27 16:57:47,628 - INFO - File: gmd-11-989-2018, DOI: 10.5194/gmd-11-989-2018 is submitted successfully
2018-11-27 16:57:47,698 - WARNING - File: gmd-8-2435-2015, DOI: 10.5194/gmd-8-2435-2015 has no ctxID matching.
2018-11-27 16:57:47,711 - WARNING - File: gmd-8-453-2015, DOI: 10.5194/gmd-8-453-2015 has no ctxID matching.
2018-11-27 16:57:47,725 - WARNING - File: gmd-9-2499-2016, DOI: 10.5194/gmd-9-2499-2016 has no ctxID matching.
2018-11-27 16:57:47,740 - WARNING - File: gmd-9-2999-2016, DOI: 10.5194/gmd-9-2999-2016 has no ctxID matching.
2018-11-27 16:57:47,756 - WARNING - File: gmd-9-3427-2016, DOI: 10.5194/gmd-9-3427-2016 has no ctxID matching.
2018-11-27 16:57:47,770 - WARNING - File: gmd-9-4049-2016, DOI: 10.5194/gmd-9-4049-2016 has no ctxID matching.
2018-11-27 16:57:47,785 - WARNING - File: gmd-9-915-2016, DOI: 10.5194/gmd-9-915-2016 has no ctxID matching.
2018-11-27 16:57:47,801 - WARNING - File: gmdd-6-1085-2013, DOI: 10.5194/gmdd-6-1085-2013 has no ctxID matching.
2018-11-27 16:57:47,816 - WARNING - File: gmdd-6-2287-2013, DOI: 10.5194/gmdd-6-2287-2013 has no ctxID matching.
2018-11-27 16:57:47,832 - WARNING - File: gmdd-6-2655-2013, DOI: 10.5194/gmdd-6-2655-2013 has no ctxID matching.
2018-11-27 16:57:47,846 - WARNING - File: gmdd-6-3085-2013, DOI: 10.5194/gmdd-6-3085-2013 has no ctxID matching.
2018-11-27 16:57:47,863 - WARNING - File: gmdd-6-59-2013, DOI: 10.5194/gmdd-6-59-2013 has no ctxID matching.
2018-11-27 16:57:47,880 - WARNING - File: gmdd-7-2501-2014, DOI: 10.5194/gmdd-7-2501-2014 has no ctxID matching.
2018-11-27 16:57:47,895 - WARNING - File: gmdd-7-3161-2014, DOI: 10.5194/gmdd-7-3161-2014 has no ctxID matching.
2018-11-27 16:57:47,912 - WARNING - File: gmdd-7-5465-2014, DOI: 10.5194/gmdd-7-5465-2014 has no ctxID matching.
2018-11-27 16:57:47,928 - WARNING - File: gmdd-7-7197-2014, DOI: 10.5194/gmdd-7-7197-2014 has no ctxID matching.
2018-11-27 16:57:47,942 - WARNING - File: gmdd-8-2991-2015, DOI: 10.5194/gmdd-8-2991-2015 has no ctxID matching.
2018-11-27 16:57:47,957 - WARNING - File: gmdd-8-3117-2015, DOI: 10.5194/gmdd-8-3117-2015 has no ctxID matching.
2018-11-27 16:57:47,970 - WARNING - File: gmdd-8-979-2015, DOI: 10.5194/gmdd-8-979-2015 has no ctxID matching.
2018-11-27 16:57:47,986 - WARNING - File: hess-20-2063-2016, DOI: 10.5194/hess-20-2063-2016 has no ctxID matching.
2018-11-27 16:57:48,000 - WARNING - File: hess-20-3167-2016, DOI: 10.5194/hess-20-3167-2016 has no ctxID matching.
2018-11-27 16:57:48,012 - WARNING - File: hess-20-3441-2016, DOI: 10.5194/hess-20-3441-2016 has no ctxID matching.
2018-11-27 16:57:50,771 - INFO - File: hess-21-4283-2017, DOI: 10.5194/hess-21-4283-2017 is submitted successfully
2018-11-27 16:57:54,893 - INFO - File: hess-21-441-2017, DOI: 10.5194/hess-21-441-2017 is submitted successfully
2018-11-27 16:58:00,706 - INFO - File: hess-21-5547-2017, DOI: 10.5194/hess-21-5547-2017 is submitted successfully
2018-11-27 16:58:03,885 - INFO - File: hess-22-3197-2018, DOI: 10.5194/hess-22-3197-2018 is submitted successfully
2018-11-27 16:58:06,914 - INFO - File: hess-22-3275-2018, DOI: 10.5194/hess-22-3275-2018 is submitted successfully
2018-11-27 16:58:06,981 - WARNING - File: hessd-10-2015-2013, DOI: 10.5194/hessd-10-2015-2013 has no ctxID matching.
2018-11-27 16:58:06,994 - WARNING - File: hessd-10-3187-2013, DOI: 10.5194/hessd-10-3187-2013 has no ctxID matching.
2018-11-27 16:58:07,008 - WARNING - File: hessd-10-3541-2013, DOI: 10.5194/hessd-10-3541-2013 has no ctxID matching.
2018-11-27 16:58:07,022 - WARNING - File: hessd-10-5057-2013, DOI: 10.5194/hessd-10-5057-2013 has no ctxID matching.
2018-11-27 16:58:07,037 - WARNING - File: hessd-10-8537-2013, DOI: 10.5194/hessd-10-8537-2013 has no ctxID matching.
2018-11-27 16:58:07,051 - WARNING - File: hessd-11-10859-2014, DOI: 10.5194/hessd-11-10859-2014 has no ctxID matching.
2018-11-27 16:58:07,065 - WARNING - File: hessd-11-265-2014, DOI: 10.5194/hessd-11-265-2014 has no ctxID matching.
2018-11-27 16:58:07,079 - WARNING - File: hgss-7-67-2016, DOI: 10.5194/hgss-7-67-2016 has no ctxID matching.
2018-11-27 16:58:07,093 - WARNING - File: nhessd-2-2765-2014, DOI: 10.5194/nhessd-2-2765-2014 has no ctxID matching.
2018-11-27 16:58:07,107 - WARNING - File: npg-25-413-2018, DOI: 10.5194/npg-25-413-2018 has no ctxID matching.
2018-11-27 16:58:07,122 - WARNING - File: osd-10-1895-2013, DOI: 10.5194/osd-10-1895-2013 has no ctxID matching.
2018-11-27 16:58:07,137 - WARNING - File: osd-11-1643-2014, DOI: 10.5194/osd-11-1643-2014 has no ctxID matching.
2018-11-27 16:58:10,520 - INFO - File: se-9-247-2018, DOI: 10.5194/se-9-247-2018 is submitted successfully
2018-11-27 16:58:10,609 - WARNING - File: sed-5-1845-2013, DOI: 10.5194/sed-5-1845-2013 has no ctxID matching.
2018-11-27 16:58:10,625 - WARNING - File: soil-3-17-2017, DOI: 10.5194/soil-3-17-2017 has no ctxID matching.
2018-11-27 16:58:13,236 - INFO - File: tc-11-2975-2017, DOI: 10.5194/tc-11-2975-2017 is submitted successfully
2018-11-27 16:58:13,322 - WARNING - File: tc-9-1343-2015, DOI: 10.5194/tc-9-1343-2015 has no ctxID matching.
2018-11-27 16:58:13,336 - WARNING - File: tcd-7-3095-2013, DOI: 10.5194/tcd-7-3095-2013 has no ctxID matching.
2018-11-27 16:58:13,350 - WARNING - File: tcd-8-1723-2014, DOI: 10.5194/tcd-8-1723-2014 has no ctxID matching.
2018-11-27 16:58:13,366 - WARNING - File: tcd-8-4959-2014, DOI: 10.5194/tcd-8-4959-2014 has no ctxID matching.
